TN:
SF:app\__init__.py
DA:1,1,1B2M2Y8AsgTpgAmY7PhCfg
LF:0
LH:0
end_of_record
TN:
SF:app\config.py
DA:1,1,pppuvIM9BU9BoWH4lfrZvw
DA:4,1,KBbvOGATYpQBXAQ62CCl7g
DA:6,1,z083iLAQhvDfuL68RmJyAA
DA:7,1,pyJ3iCGxZ5Mjuo5rpEt2MA
DA:8,1,NKPtZKcvntNaO48R0NN2Aw
DA:9,1,rQGLBHSROSE5LgQjNNdrZQ
DA:10,1,bD/SBRVRfwk1xszNDeKS6w
DA:11,1,+fy1hqkqQTyQ0OCvH9yi8A
DA:12,1,AIbfLHH8+pVsbavg3Yuafw
DA:15,1,REPbmwWPZBzYIyI69q0OZQ
DA:16,1,IblCMwaUE6wRnhbMkXeykQ
DA:17,1,sWWcEISurWbf5AdtIaZMJQ
DA:20,1,2dtEIpfWBZ624fdAIjH0eA
LF:13
LH:13
end_of_record
TN:
SF:app\database.py
DA:1,1,G7rB5PRykU6zCGOlXniZGA
DA:2,1,2FSPuIrjUnu6PNulOWGPgw
DA:4,1,rnVN1fjQb9lPD8n6Hj+KYA
DA:8,1,VsfGxeIrQlgCJnKoCkz+xQ
DA:16,1,5sVqQQu/w8djJPk0StHgOg
DA:18,1,6KgbMlC+cFnhVD/6d6Tbag
DA:19,1,71eGMvKy1ukaHZXovsqadQ
DA:21,1,bUl7B+ZWav9xrtJK8wQ0QA
DA:9,0,tZ9bCOHcMHsFCk74fWrXww
DA:10,0,B/Fo9U4/nMeRNS1JjGZVyQ
DA:11,0,r14kk77qgGIfo3uAwgbhtw
DA:13,0,7vWTZVtKywhr43V9kWR7SQ
LF:12
LH:8
end_of_record
TN:
SF:app\main.py
DA:1,1,j2hIeWQzQBLX2zXSwbiZ0A
DA:2,1,bqK7YMo72iFLrdiHawnIaQ
DA:4,1,v4VnfGU3+0rpD1CfsKN3Ow
DA:6,1,DB3dv4zOduZxcozzaU1/4Q
DA:7,1,o6ONBPuXBjCnRL32fPXXXQ
DA:8,1,iCH7Kq/yFATdsazAj6FlWQ
DA:9,1,lvvZiaPn7F/jhJm2DiZNaw
DA:10,1,JiBfW1LpNrvsMjedEUai+A
DA:12,1,oyAgumROKZtKUhCm/mzvfA
DA:13,1,ChFZXYBNtCM6Yf6iSvglAA
DA:22,1,yXjYrJk13my9GZhmyco/3w
DA:23,1,KAv+DIYAjFEODnDdlydtIA
DA:24,1,Y0YGTeaqtOrlboOXAfLRbg
LF:13
LH:13
end_of_record
TN:
SF:app\models.py
DA:1,1,/UZ0qD4UglnOUemTHyiT5w
DA:2,1,hFyTf5pLwftjJKSh1zLUfA
DA:3,1,KP1kogPvQEcByYZm0N36ow
DA:4,1,NnerWi9RDMEIlWfsecD+cw
DA:6,1,LDIDqqkOfqrdoopa4g56KQ
DA:11,1,LiTKyrCwHCapLMVdG6PDBQ
DA:12,1,rdN0NvUtx7yaYB40X6UDYQ
DA:14,1,C6tCP25HorEMM2cQdwKbcw
DA:15,1,/mSEnY7GQpfIg20JsU/tkg
DA:16,1,q4EN/mlOp8VKdFUEzHPPLg
DA:17,1,A+hkF3ZdBTufRdTIUuGh2g
DA:18,1,KUTjujfn+vE3jZXqs0y0lQ
DA:22,1,I2qwy/7GmOHG2NNjHK5fIQ
DA:26,1,qRmIXU0Usmb0iPA6XBf+gg
DA:29,1,dXmgqgVH/RW6qx+SIVBGQw
DA:30,1,HAF+EC018w0toayiEIrFUA
DA:32,1,7r+9j0ooWHQecb+Latyhzw
DA:33,1,Tl84dlp3kB0yskfE2LD20A
DA:34,1,ufw+H24FAvXgxHEIEPlu7Q
DA:35,1,pTnNLUMMfFBcLnIqCRW0lA
DA:36,1,KUTjujfn+vE3jZXqs0y0lQ
DA:41,1,t13lAtHpIapXHhbEISXaMg
DA:42,1,ArLyo0Jvc+8lASEKOdpHkQ
DA:44,1,dmJG1CzFkfxpS3GseoPo6w
DA:50,1,OjnSd6i5QZGxKfqNP866Xw
DA:57,1,Cvo9HH5oMyvXw7INrtpAyw
DA:58,1,95IC71bURpWFuoLpxQKRlg
LF:27
LH:27
end_of_record
TN:
SF:app\oauth2.py
DA:1,1,usL6GpKXVxVT8icw7bX7uQ
DA:2,1,jEc91tz0B1b2beSYnS+UDQ
DA:4,1,4TodiMjLDm0wU+PyjZ2ktw
DA:5,1,K29Wt+ttNHyKybEZ7w1FrA
DA:6,1,HBAtd9j+KivVBV1zmqat2A
DA:7,1,CF2jZW1xbHcisD/YKI/mbw
DA:9,1,usjxFADJqqI4tRwOlCvfog
DA:10,1,rnVN1fjQb9lPD8n6Hj+KYA
DA:12,1,BLQOZbEUknU2ryD720jhBA
DA:14,1,NYNlw+/u3vz7bSQ/j+exzA
DA:15,1,KNxa++VU+LKh+tA46UNe+w
DA:16,1,zLQXKvskMnwIxd7DjWPBgQ
DA:19,1,UZ3zqfzs0XviAcDTL4sjmQ
DA:20,1,3hdxNMm9HEUi2KGLGezmoA
DA:22,1,v1naupeWO3NuAxwIKDRl8g
DA:25,1,kqwHRooNK+MCJLZexY8kVQ
DA:27,1,S8XotqOJ4ZALqvfTGaQWzQ
DA:28,1,Z0nNElF228nkJPkIJNmjzw
DA:29,1,olaFG9BIOOiaH078dNC+EQ
DA:32,1,NR2M6DX/jP46gmylVkECEg
DA:33,1,B/Fo9U4/nMeRNS1JjGZVyQ
DA:34,1,7L7WXRjGKdNmB64uiNyFtw
DA:35,1,Df7O63bXE7vp4FWdXrXyTA
DA:37,1,IKm+1vu93+YzgpdxjEDaeQ
DA:40,1,HsUO8vwTzcHUYF5eMSYraQ
DA:44,1,CsEAd5HI90O+ABRrYVzogQ
DA:47,1,hseousszEoaUkH06NAcbgQ
DA:50,1,A/o+Fn6mlFSa/689bUebzQ
DA:55,1,qpPyJu+dCxeEYAygqtX7jg
DA:56,1,T50vlaTJ0Oxsr7uwf6QQyw
DA:57,1,GdCfWezUy2bJRJ8IulWRHA
DA:23,0,zbwSg8C39jxBn8U7c0/Mww
DA:38,0,bvJa9A/YiMG/hu+Iw+5TFg
DA:41,0,KDB7XvmdAeTwD3r310q3ag
DA:42,0,9np3I17vPqrjyIj7fKFAig
LF:35
LH:31
end_of_record
TN:
SF:app\routers\auth.py
DA:1,1,9wmCA/AJFvQ41kuXUorAhg
DA:2,1,smfjBLEcKHn6ZSMfGZnmPQ
DA:3,1,CF2jZW1xbHcisD/YKI/mbw
DA:5,1,FnUV1NId3l4Pu5RbaIWl1A
DA:7,1,w3DXTnkDBwBOGyrZ6UUZ0Q
DA:10,1,5dD95Yzrt/WGxOvrq9oRHQ
DA:13,1,5L2j78JcEvKMOqsDPTsFrQ
DA:17,1,AsIlv9z45dcOYesjOCLXaw
DA:19,1,6oS4RPyLTyTTHSDw7kqL7w
DA:20,1,hs908VNphdK05gv0YrRqmw
DA:24,1,j5MsjIk2XzoJ3GZRbyIB1A
DA:26,1,wqbSHDn67yCuJ+spnEZDYA
DA:27,1,hs908VNphdK05gv0YrRqmw
DA:33,1,txMBNgxbx4+hOBhat/zzWQ
DA:34,1,PLGHtB0irEI5gB73z/3RqA
LF:15
LH:15
end_of_record
TN:
SF:app\routers\posts.py
DA:1,1,Si12/IUKvHHjFN5ZrwXQRw
DA:3,1,9wmCA/AJFvQ41kuXUorAhg
DA:4,1,heOPf0DzELJsQ+3nrhe+Bg
DA:5,1,CF2jZW1xbHcisD/YKI/mbw
DA:7,1,FwqykrxIK/X3zEae+2qv0A
DA:8,1,DjxT1wKGSn0wm0PYw787yg
DA:10,1,3SEC8HVEWlx/U0U1EQ0zew
DA:13,1,T9/vMGH7ipPoQ/+ix7CvHg
DA:16,1,YW1uEGdKpuZFnPx8IkI0ag
DA:23,1,aepX1rxML8bXjG3oP2oL/w
DA:29,1,qZcY1fIxqj8RyJD7uhiOSQ
DA:30,1,oWkPhpuosKFoCFoX30Xwxg
DA:38,1,IVGB0fxecEv1JmQl3sLC1w
DA:39,1,OMCKRDi/9n89VtO/glqCog
DA:43,1,Qx5EA4maTBaBTzNsYWI3Hw
DA:46,1,T9/vMGH7ipPoQ/+ix7CvHg
DA:49,1,APIjDbV2jsetoI9dzmUeKA
DA:54,1,aepX1rxML8bXjG3oP2oL/w
DA:59,1,SPdsrjf4L56/w5mkpF+Fow
DA:61,1,t7Ua1PlZxz0KF2PJzk4uIQ
DA:62,1,hs908VNphdK05gv0YrRqmw
DA:66,1,DEADT0US/ZaLv2W1asnlBQ
DA:69,1,5dD95Yzrt/WGxOvrq9oRHQ
DA:72,1,xrK6nOkNi6oQrnBL70n0CA
DA:77,1,gbI3O6iek+d79Aa/GCmr6g
DA:78,1,EVl38D7j6z17/wOdjwgM0g
DA:79,1,++39TyZLgNDJ7Zr0Am/fXQ
DA:80,1,mBaRmgUNrWbmF93BvojY9A
DA:81,1,lUFkg+T4F3f3+a5+O7cRFw
DA:84,1,CNwZI5BJ1pFwv53zwl3tjw
DA:85,1,6SLK70W7by0jAbOWGRw8Zg
DA:90,1,m6pFDLR8xBdeUl/sPihhkw
DA:92,1,JY+M1CPkvTBgyIikmUzD+Q
DA:93,1,hs908VNphdK05gv0YrRqmw
DA:97,1,Sf37VKmOHUg3q/T9GsuKyA
DA:103,1,XNc7H1Hy4ltPcxHmh5RrjQ
DA:104,1,++39TyZLgNDJ7Zr0Am/fXQ
DA:105,1,84e1Ac59jtKDpRc8oiPQSQ
DA:108,1,WPU79/Gd8hRQHnpzHP6vAA
DA:111,1,DomFOT7bPDx1AUpJiXt8yg
DA:117,1,r5yWTmZ+EVxgHNYxExeg4g
DA:119,1,p1aD90NysXOYhlOSccxUCg
DA:124,1,864Q7y0rxLAaQ/GDVReZ7Q
DA:130,1,w8B/LTckLjCkPaXqTKe0Bg
DA:131,1,++39TyZLgNDJ7Zr0Am/fXQ
DA:132,1,6FRlLWin9qP/a5tg5V13uw
DA:34,0,oWkPhpuosKFoCFoX30Xwxg
DA:41,0,0ELwzEVChAM2Kt+AyF/imw
DA:98,0,hs908VNphdK05gv0YrRqmw
DA:120,0,hs908VNphdK05gv0YrRqmw
DA:125,0,hs908VNphdK05gv0YrRqmw
LF:51
LH:46
end_of_record
TN:
SF:app\routers\users.py
DA:1,1,GusTQ8rnslKGIeoIX1fGdQ
DA:3,1,9wmCA/AJFvQ41kuXUorAhg
DA:4,1,CF2jZW1xbHcisD/YKI/mbw
DA:6,1,a0f2JoYpxawAiIwzOor5sg
DA:7,1,DjxT1wKGSn0wm0PYw787yg
DA:9,1,jG/iJ9oBs6CnYk+w6f8GNw
DA:12,1,T9/vMGH7ipPoQ/+ix7CvHg
DA:15,1,0BdxZa0IfjHdsQHfWfsfMQ
DA:16,1,sbiNx3Lj2MvCC2Lp4XRJPg
DA:17,1,DZQPo3p7t8bvI6WI/hqfLw
DA:20,1,OuaEjjSsI8twmHt9Sp+Zzg
DA:23,1,apFt49CshDwwD9VxmZH0qQ
DA:24,1,WDgti1yIki6Hl5eB4UkT+Q
DA:25,1,v6h8Iz1srJGgbLZd2RuFmQ
DA:27,1,y3icYhelqy4RRuOVTehB4g
DA:32,1,+CbqzNXW/aeMxSFy5ugvBw
DA:35,1,5dD95Yzrt/WGxOvrq9oRHQ
DA:38,1,XsbgVc9BdkfveyUMJnnSZg
DA:39,1,WCUea2FyHZCxi5ZIOcN9qw
DA:41,1,qCA8Ym1Vkz6rxUV+A3qSdA
DA:46,1,HA1dys1AjWzYRlnqojyQRA
DA:47,1,El+WVkuCTaKvU0ruXIsjuQ
DA:48,1,QbnSGN1oz2XhpzzMaVwNAQ
DA:49,1,++39TyZLgNDJ7Zr0Am/fXQ
DA:50,1,0DbOk3L5EcR5KHnnzVyzNg
DA:51,1,nY73rxC9++x8d83z6XZZ7w
DA:19,0,Vi47jdiA1WP/HL0rV6ffvA
DA:28,0,hs908VNphdK05gv0YrRqmw
DA:42,0,hs908VNphdK05gv0YrRqmw
LF:29
LH:26
end_of_record
TN:
SF:app\routers\votes.py
DA:1,1,9wmCA/AJFvQ41kuXUorAhg
DA:2,1,CF2jZW1xbHcisD/YKI/mbw
DA:4,1,YdISEAog8rbzLh90NrzoWA
DA:6,1,gEZG4WC8qSGOe+HWmZUGlg
DA:9,1,BtX7xqrQjeGR/6pNz7l0fg
DA:10,1,bW/ORoqAGCW1m3vFg1bOcg
DA:15,1,tpzUKthol2vSeGxJexeFaw
DA:20,1,hXtPumXoSXx1aub7/8zD4A
DA:22,1,TFujE6qPTYgTnGOsOk0iZA
DA:23,1,ZBODIRdcEPiyS1O+w8849Q
DA:24,1,F7/519XaAeX6J5U7m8u7Vw
DA:29,1,5qPxLOqfjR+4+EDlIVeb5Q
DA:30,1,HNYdDABCxibu5PbOITu/LQ
DA:31,1,QTV/wvLDNE0kh1FWx0pGEg
DA:32,1,j9SneUusqUJP60D6Au6Etw
DA:34,1,3GI4uhjsHxGzaQT9Zndn2Q
DA:35,1,F7/519XaAeX6J5U7m8u7Vw
DA:40,1,IaJVTI8GavB3P40HrgQOcw
DA:41,1,QTV/wvLDNE0kh1FWx0pGEg
DA:42,1,ebYLmp6lSirWVVBIbI/RtQ
LF:20
LH:20
end_of_record
TN:
SF:app\schemas.py
DA:1,1,WpEjgxacqgxANZhpobgHYQ
DA:3,1,Bf//YPmEC5gcKR0UdC83Xg
DA:7,1,8puQV4y3KyoscvsEhSdGrw
DA:8,1,U4HOOFqGpMyywhZoCm8n1Q
DA:9,1,a9hFeQvaxbT9bR44zPBZNw
DA:12,1,Hp1kbarMJP6TQfA62KSKgg
DA:13,1,sqqsm9ta9Aky79b0VJYfAw
DA:16,1,ZsKfam37DE4SP4Zh5elUxw
DA:17,1,MwnqjTWvS2fUbSijzsblbg
DA:18,1,F12OyMuuZAc3VKEL60YGjg
DA:20,1,kMo63jS8DXfENzj9geviow
DA:21,1,VQ2fBI14lguF+YkMW1jx7g
DA:24,1,no42voRFv84Vo0ITpeZ/nQ
DA:25,1,PdeqDqr4bOft68ON3+/7kg
DA:29,1,bib/2eXQuzLozXLSlOjv2g
DA:30,1,tAVjLIcAwllKPuWE1n+RSw
DA:31,1,O9yA8VvMIhoaQZOOcfubnw
DA:32,1,n1sAXLI7/pETMdP5JZ72CA
DA:35,1,GTYQ9mx4GddOg6yPySuQzg
DA:36,1,PdeqDqr4bOft68ON3+/7kg
DA:39,1,fne6p0IhHT+mEqQ/y551KA
DA:40,1,SukxgrITKiGh2759vf8Ctw
DA:44,1,0jLae7pWdVBClbC8+prlZQ
DA:45,1,mm3L1HRLec55ENW4SpO6VQ
DA:46,1,tAVjLIcAwllKPuWE1n+RSw
DA:47,1,O9yA8VvMIhoaQZOOcfubnw
DA:48,1,qWhAfolcxIdxwpP8feiRtQ
DA:49,1,F12OyMuuZAc3VKEL60YGjg
DA:50,1,m0aaMUY1aZHCagnTQqV3gA
DA:51,1,+cN0oJYtpyiZFgiw67iOvA
DA:53,1,kMo63jS8DXfENzj9geviow
DA:54,1,VQ2fBI14lguF+YkMW1jx7g
DA:57,1,Va8RLNfL9Xe+0NaO7BZX2w
DA:58,1,DMZJ7QtdB+jZqPF4wXKo6w
DA:59,1,hvVK15DnxsZgOXwZsx9ybQ
DA:61,1,kMo63jS8DXfENzj9geviow
DA:62,1,VQ2fBI14lguF+YkMW1jx7g
DA:66,1,9Ak8Bbra+WmiO+n9mung9w
DA:67,1,mm3L1HRLec55ENW4SpO6VQ
DA:68,1,zDWE3mEsifgfXn0YuyePPg
DA:71,1,ogwBJzaZ0D2bkVAdPeAhbA
DA:72,1,PdeqDqr4bOft68ON3+/7kg
DA:76,1,ND5P9CnpMXlGvQSPWEMLJg
DA:77,1,2xi/ohaPyo/PMnQgr+i71w
DA:78,1,2eh+MhDN0bW++tEcJcJtyw
DA:81,1,+mhYeCONul9RA0Kdjg2W6w
DA:82,1,GtrN0Gf/l0211WDb5TIZ/w
LF:47
LH:47
end_of_record
TN:
SF:app\utils.py
DA:1,1,xoWnLPTf4SlAfvOUbvczzA
DA:3,1,bPVKJ4ilF8BXS94nAdKy+Q
DA:6,1,rZgRljULChqMBOeYRqrf2Q
DA:7,1,BZmq1IsjLgpcZnnh135UeQ
DA:10,1,EHX4Mvjc37hjkAcHJ9FXfg
DA:11,1,XkA5+y6L+VptT+lOdXLr8Q
LF:6
LH:6
end_of_record
